<?xml version="1.0"?>
<!DOCTYPE coverage SYSTEM "http://cobertura.sourceforge.net/xml/coverage-04.dtd">

<coverage line-rate="0.0" branch-rate="0.0" lines-covered="0" lines-valid="193" branches-covered="0" branches-valid="4" complexity="0.0" version="2.1.1" timestamp="1522012927359">
	<sources>
		<source>C:/Users/Iwona/Desktop/Local Rep/Maven/BankClient/target/generated-sources/annotations</source>
		<source>--source</source>
		<source>C:/Users/Iwona/Desktop/Local Rep/Maven/BankClient/src/main/java</source>
	</sources>
	<packages>
		<package name="Project" line-rate="0.0" branch-rate="0.0" complexity="0.0">
			<classes>
				<class name="Project.GUI" filename="Project/GUI.java" line-rate="0.0" branch-rate="0.0" complexity="0.0">
					<methods>
						<method name="&lt;clinit&gt;" signature="()V" line-rate="0.0" branch-rate="1.0" complexity="0">
							<lines>
								<line number="28" hits="0" branch="false"/>
							</lines>
						</method>
						<method name="&lt;init&gt;" signature="()V" line-rate="0.0" branch-rate="1.0" complexity="0">
							<lines>
								<line number="20" hits="0" branch="false"/>
								<line number="21" hits="0" branch="false"/>
								<line number="22" hits="0" branch="false"/>
								<line number="23" hits="0" branch="false"/>
								<line number="24" hits="0" branch="false"/>
								<line number="25" hits="0" branch="false"/>
								<line number="26" hits="0" branch="false"/>
							</lines>
						</method>
						<method name="clear" signature="()V" line-rate="0.0" branch-rate="1.0" complexity="0">
							<lines>
								<line number="251" hits="0" branch="false"/>
								<line number="252" hits="0" branch="false"/>
								<line number="253" hits="0" branch="false"/>
								<line number="254" hits="0" branch="false"/>
								<line number="255" hits="0" branch="false"/>
								<line number="256" hits="0" branch="false"/>
								<line number="258" hits="0" branch="false"/>
							</lines>
						</method>
						<method name="handle" signature="(Ljavafx/event/ActionEvent;)V" line-rate="0.0" branch-rate="1.0" complexity="0">
							<lines>
								<line number="261" hits="0" branch="false"/>
							</lines>
						</method>
						<method name="handle" signature="(Ljavafx/event/Event;)V" line-rate="0.0" branch-rate="1.0" complexity="0">
							<lines>
								<line number="17" hits="0" branch="false"/>
							</lines>
						</method>
						<method name="lambda$null$0" signature="(Ljavafx/event/ActionEvent;)V" line-rate="0.0" branch-rate="0.0" complexity="0">
							<lines>
								<line number="72" hits="0" branch="false"/>
								<line number="74" hits="0" branch="true" condition-coverage="0% (0/2)">
									<conditions>
										<condition number="0" type="jump" coverage="0%"/>
									</conditions>
								</line>
								<line number="75" hits="0" branch="false"/>
								<line number="76" hits="0" branch="false"/>
								<line number="77" hits="0" branch="false"/>
								<line number="78" hits="0" branch="false"/>
								<line number="79" hits="0" branch="false"/>
								<line number="81" hits="0" branch="false"/>
								<line number="82" hits="0" branch="false"/>
								<line number="83" hits="0" branch="false"/>
								<line number="84" hits="0" branch="false"/>
								<line number="86" hits="0" branch="false"/>
							</lines>
						</method>
						<method name="lambda$null$10" signature="(Ljavafx/event/ActionEvent;)V" line-rate="0.0" branch-rate="1.0" complexity="0">
							<lines>
								<line number="222" hits="0" branch="false"/>
								<line number="224" hits="0" branch="false"/>
								<line number="225" hits="0" branch="false"/>
								<line number="226" hits="0" branch="false"/>
								<line number="227" hits="0" branch="false"/>
								<line number="228" hits="0" branch="false"/>
								<line number="229" hits="0" branch="false"/>
								<line number="230" hits="0" branch="false"/>
								<line number="231" hits="0" branch="false"/>
								<line number="232" hits="0" branch="false"/>
								<line number="233" hits="0" branch="false"/>
								<line number="234" hits="0" branch="false"/>
								<line number="235" hits="0" branch="false"/>
								<line number="236" hits="0" branch="false"/>
								<line number="237" hits="0" branch="false"/>
								<line number="238" hits="0" branch="false"/>
								<line number="239" hits="0" branch="false"/>
							</lines>
						</method>
						<method name="lambda$null$2" signature="(Ljavafx/event/ActionEvent;)V" line-rate="0.0" branch-rate="0.0" complexity="0">
							<lines>
								<line number="99" hits="0" branch="false"/>
								<line number="101" hits="0" branch="true" condition-coverage="0% (0/2)">
									<conditions>
										<condition number="0" type="jump" coverage="0%"/>
									</conditions>
								</line>
								<line number="102" hits="0" branch="false"/>
								<line number="103" hits="0" branch="false"/>
								<line number="104" hits="0" branch="false"/>
								<line number="105" hits="0" branch="false"/>
								<line number="107" hits="0" branch="false"/>
							</lines>
						</method>
						<method name="lambda$null$4" signature="(Ljavafx/event/ActionEvent;)V" line-rate="0.0" branch-rate="1.0" complexity="0">
							<lines>
								<line number="120" hits="0" branch="false"/>
								<line number="122" hits="0" branch="false"/>
								<line number="123" hits="0" branch="false"/>
								<line number="124" hits="0" branch="false"/>
								<line number="125" hits="0" branch="false"/>
								<line number="126" hits="0" branch="false"/>
								<line number="128" hits="0" branch="false"/>
								<line number="129" hits="0" branch="false"/>
								<line number="130" hits="0" branch="false"/>
								<line number="131" hits="0" branch="false"/>
								<line number="132" hits="0" branch="false"/>
								<line number="133" hits="0" branch="false"/>
								<line number="134" hits="0" branch="false"/>
								<line number="135" hits="0" branch="false"/>
								<line number="136" hits="0" branch="false"/>
								<line number="137" hits="0" branch="false"/>
								<line number="138" hits="0" branch="false"/>
								<line number="139" hits="0" branch="false"/>
								<line number="140" hits="0" branch="false"/>
								<line number="141" hits="0" branch="false"/>
								<line number="142" hits="0" branch="false"/>
								<line number="143" hits="0" branch="false"/>
								<line number="144" hits="0" branch="false"/>
							</lines>
						</method>
						<method name="lambda$null$6" signature="(Ljavafx/event/ActionEvent;)V" line-rate="0.0" branch-rate="1.0" complexity="0">
							<lines>
								<line number="157" hits="0" branch="false"/>
								<line number="159" hits="0" branch="false"/>
								<line number="160" hits="0" branch="false"/>
								<line number="161" hits="0" branch="false"/>
								<line number="162" hits="0" branch="false"/>
								<line number="163" hits="0" branch="false"/>
								<line number="164" hits="0" branch="false"/>
								<line number="165" hits="0" branch="false"/>
								<line number="166" hits="0" branch="false"/>
								<line number="167" hits="0" branch="false"/>
								<line number="168" hits="0" branch="false"/>
								<line number="169" hits="0" branch="false"/>
								<line number="170" hits="0" branch="false"/>
								<line number="171" hits="0" branch="false"/>
								<line number="172" hits="0" branch="false"/>
								<line number="173" hits="0" branch="false"/>
								<line number="174" hits="0" branch="false"/>
								<line number="175" hits="0" branch="false"/>
							</lines>
						</method>
						<method name="lambda$null$8" signature="(Ljavafx/event/ActionEvent;)V" line-rate="0.0" branch-rate="1.0" complexity="0">
							<lines>
								<line number="186" hits="0" branch="false"/>
								<line number="188" hits="0" branch="false"/>
								<line number="189" hits="0" branch="false"/>
								<line number="190" hits="0" branch="false"/>
								<line number="191" hits="0" branch="false"/>
								<line number="192" hits="0" branch="false"/>
								<line number="193" hits="0" branch="false"/>
								<line number="194" hits="0" branch="false"/>
								<line number="195" hits="0" branch="false"/>
								<line number="196" hits="0" branch="false"/>
								<line number="197" hits="0" branch="false"/>
								<line number="198" hits="0" branch="false"/>
								<line number="199" hits="0" branch="false"/>
								<line number="200" hits="0" branch="false"/>
								<line number="201" hits="0" branch="false"/>
								<line number="202" hits="0" branch="false"/>
								<line number="203" hits="0" branch="false"/>
								<line number="204" hits="0" branch="false"/>
								<line number="205" hits="0" branch="false"/>
								<line number="206" hits="0" branch="false"/>
								<line number="207" hits="0" branch="false"/>
								<line number="208" hits="0" branch="false"/>
								<line number="209" hits="0" branch="false"/>
							</lines>
						</method>
						<method name="lambda$start$1" signature="(Ljavafx/event/ActionEvent;)V" line-rate="0.0" branch-rate="1.0" complexity="0">
							<lines>
								<line number="64" hits="0" branch="false"/>
								<line number="66" hits="0" branch="false"/>
								<line number="67" hits="0" branch="false"/>
								<line number="68" hits="0" branch="false"/>
								<line number="69" hits="0" branch="false"/>
								<line number="71" hits="0" branch="false"/>
								<line number="87" hits="0" branch="false"/>
							</lines>
						</method>
						<method name="lambda$start$11" signature="(Ljavafx/event/ActionEvent;)V" line-rate="0.0" branch-rate="1.0" complexity="0">
							<lines>
								<line number="214" hits="0" branch="false"/>
								<line number="215" hits="0" branch="false"/>
								<line number="216" hits="0" branch="false"/>
								<line number="217" hits="0" branch="false"/>
								<line number="218" hits="0" branch="false"/>
								<line number="219" hits="0" branch="false"/>
								<line number="221" hits="0" branch="false"/>
								<line number="240" hits="0" branch="false"/>
							</lines>
						</method>
						<method name="lambda$start$3" signature="(Ljavafx/event/ActionEvent;)V" line-rate="0.0" branch-rate="1.0" complexity="0">
							<lines>
								<line number="90" hits="0" branch="false"/>
								<line number="91" hits="0" branch="false"/>
								<line number="93" hits="0" branch="false"/>
								<line number="94" hits="0" branch="false"/>
								<line number="95" hits="0" branch="false"/>
								<line number="96" hits="0" branch="false"/>
								<line number="98" hits="0" branch="false"/>
								<line number="108" hits="0" branch="false"/>
							</lines>
						</method>
						<method name="lambda$start$5" signature="(Ljavafx/event/ActionEvent;)V" line-rate="0.0" branch-rate="1.0" complexity="0">
							<lines>
								<line number="111" hits="0" branch="false"/>
								<line number="112" hits="0" branch="false"/>
								<line number="114" hits="0" branch="false"/>
								<line number="115" hits="0" branch="false"/>
								<line number="116" hits="0" branch="false"/>
								<line number="118" hits="0" branch="false"/>
								<line number="145" hits="0" branch="false"/>
							</lines>
						</method>
						<method name="lambda$start$7" signature="(Ljavafx/event/ActionEvent;)V" line-rate="0.0" branch-rate="1.0" complexity="0">
							<lines>
								<line number="148" hits="0" branch="false"/>
								<line number="149" hits="0" branch="false"/>
								<line number="151" hits="0" branch="false"/>
								<line number="152" hits="0" branch="false"/>
								<line number="153" hits="0" branch="false"/>
								<line number="155" hits="0" branch="false"/>
								<line number="176" hits="0" branch="false"/>
							</lines>
						</method>
						<method name="lambda$start$9" signature="(Ljavafx/event/ActionEvent;)V" line-rate="0.0" branch-rate="1.0" complexity="0">
							<lines>
								<line number="179" hits="0" branch="false"/>
								<line number="180" hits="0" branch="false"/>
								<line number="181" hits="0" branch="false"/>
								<line number="182" hits="0" branch="false"/>
								<line number="183" hits="0" branch="false"/>
								<line number="185" hits="0" branch="false"/>
								<line number="210" hits="0" branch="false"/>
							</lines>
						</method>
						<method name="main" signature="([Ljava/lang/String;)V" line-rate="0.0" branch-rate="1.0" complexity="0">
							<lines>
								<line number="31" hits="0" branch="false"/>
								<line number="32" hits="0" branch="false"/>
								<line number="33" hits="0" branch="false"/>
								<line number="34" hits="0" branch="false"/>
							</lines>
						</method>
						<method name="start" signature="(Ljavafx/stage/Stage;)V" line-rate="0.0" branch-rate="1.0" complexity="0">
							<lines>
								<line number="39" hits="0" branch="false"/>
								<line number="41" hits="0" branch="false"/>
								<line number="42" hits="0" branch="false"/>
								<line number="43" hits="0" branch="false"/>
								<line number="44" hits="0" branch="false"/>
								<line number="45" hits="0" branch="false"/>
								<line number="46" hits="0" branch="false"/>
								<line number="47" hits="0" branch="false"/>
								<line number="49" hits="0" branch="false"/>
								<line number="50" hits="0" branch="false"/>
								<line number="51" hits="0" branch="false"/>
								<line number="52" hits="0" branch="false"/>
								<line number="53" hits="0" branch="false"/>
								<line number="54" hits="0" branch="false"/>
								<line number="55" hits="0" branch="false"/>
								<line number="57" hits="0" branch="false"/>
								<line number="59" hits="0" branch="false"/>
								<line number="60" hits="0" branch="false"/>
								<line number="63" hits="0" branch="false"/>
								<line number="89" hits="0" branch="false"/>
								<line number="110" hits="0" branch="false"/>
								<line number="147" hits="0" branch="false"/>
								<line number="178" hits="0" branch="false"/>
								<line number="213" hits="0" branch="false"/>
								<line number="243" hits="0" branch="false"/>
								<line number="244" hits="0" branch="false"/>
								<line number="245" hits="0" branch="false"/>
								<line number="247" hits="0" branch="false"/>
							</lines>
						</method>
					</methods>
					<lines>
						<line number="17" hits="0" branch="false"/>
						<line number="20" hits="0" branch="false"/>
						<line number="21" hits="0" branch="false"/>
						<line number="22" hits="0" branch="false"/>
						<line number="23" hits="0" branch="false"/>
						<line number="24" hits="0" branch="false"/>
						<line number="25" hits="0" branch="false"/>
						<line number="26" hits="0" branch="false"/>
						<line number="28" hits="0" branch="false"/>
						<line number="31" hits="0" branch="false"/>
						<line number="32" hits="0" branch="false"/>
						<line number="33" hits="0" branch="false"/>
						<line number="34" hits="0" branch="false"/>
						<line number="39" hits="0" branch="false"/>
						<line number="41" hits="0" branch="false"/>
						<line number="42" hits="0" branch="false"/>
						<line number="43" hits="0" branch="false"/>
						<line number="44" hits="0" branch="false"/>
						<line number="45" hits="0" branch="false"/>
						<line number="46" hits="0" branch="false"/>
						<line number="47" hits="0" branch="false"/>
						<line number="49" hits="0" branch="false"/>
						<line number="50" hits="0" branch="false"/>
						<line number="51" hits="0" branch="false"/>
						<line number="52" hits="0" branch="false"/>
						<line number="53" hits="0" branch="false"/>
						<line number="54" hits="0" branch="false"/>
						<line number="55" hits="0" branch="false"/>
						<line number="57" hits="0" branch="false"/>
						<line number="59" hits="0" branch="false"/>
						<line number="60" hits="0" branch="false"/>
						<line number="63" hits="0" branch="false"/>
						<line number="64" hits="0" branch="false"/>
						<line number="66" hits="0" branch="false"/>
						<line number="67" hits="0" branch="false"/>
						<line number="68" hits="0" branch="false"/>
						<line number="69" hits="0" branch="false"/>
						<line number="71" hits="0" branch="false"/>
						<line number="72" hits="0" branch="false"/>
						<line number="74" hits="0" branch="true" condition-coverage="0% (0/2)">
							<conditions>
								<condition number="0" type="jump" coverage="0%"/>
							</conditions>
						</line>
						<line number="75" hits="0" branch="false"/>
						<line number="76" hits="0" branch="false"/>
						<line number="77" hits="0" branch="false"/>
						<line number="78" hits="0" branch="false"/>
						<line number="79" hits="0" branch="false"/>
						<line number="81" hits="0" branch="false"/>
						<line number="82" hits="0" branch="false"/>
						<line number="83" hits="0" branch="false"/>
						<line number="84" hits="0" branch="false"/>
						<line number="86" hits="0" branch="false"/>
						<line number="87" hits="0" branch="false"/>
						<line number="89" hits="0" branch="false"/>
						<line number="90" hits="0" branch="false"/>
						<line number="91" hits="0" branch="false"/>
						<line number="93" hits="0" branch="false"/>
						<line number="94" hits="0" branch="false"/>
						<line number="95" hits="0" branch="false"/>
						<line number="96" hits="0" branch="false"/>
						<line number="98" hits="0" branch="false"/>
						<line number="99" hits="0" branch="false"/>
						<line number="101" hits="0" branch="true" condition-coverage="0% (0/2)">
							<conditions>
								<condition number="0" type="jump" coverage="0%"/>
							</conditions>
						</line>
						<line number="102" hits="0" branch="false"/>
						<line number="103" hits="0" branch="false"/>
						<line number="104" hits="0" branch="false"/>
						<line number="105" hits="0" branch="false"/>
						<line number="107" hits="0" branch="false"/>
						<line number="108" hits="0" branch="false"/>
						<line number="110" hits="0" branch="false"/>
						<line number="111" hits="0" branch="false"/>
						<line number="112" hits="0" branch="false"/>
						<line number="114" hits="0" branch="false"/>
						<line number="115" hits="0" branch="false"/>
						<line number="116" hits="0" branch="false"/>
						<line number="118" hits="0" branch="false"/>
						<line number="120" hits="0" branch="false"/>
						<line number="122" hits="0" branch="false"/>
						<line number="123" hits="0" branch="false"/>
						<line number="124" hits="0" branch="false"/>
						<line number="125" hits="0" branch="false"/>
						<line number="126" hits="0" branch="false"/>
						<line number="128" hits="0" branch="false"/>
						<line number="129" hits="0" branch="false"/>
						<line number="130" hits="0" branch="false"/>
						<line number="131" hits="0" branch="false"/>
						<line number="132" hits="0" branch="false"/>
						<line number="133" hits="0" branch="false"/>
						<line number="134" hits="0" branch="false"/>
						<line number="135" hits="0" branch="false"/>
						<line number="136" hits="0" branch="false"/>
						<line number="137" hits="0" branch="false"/>
						<line number="138" hits="0" branch="false"/>
						<line number="139" hits="0" branch="false"/>
						<line number="140" hits="0" branch="false"/>
						<line number="141" hits="0" branch="false"/>
						<line number="142" hits="0" branch="false"/>
						<line number="143" hits="0" branch="false"/>
						<line number="144" hits="0" branch="false"/>
						<line number="145" hits="0" branch="false"/>
						<line number="147" hits="0" branch="false"/>
						<line number="148" hits="0" branch="false"/>
						<line number="149" hits="0" branch="false"/>
						<line number="151" hits="0" branch="false"/>
						<line number="152" hits="0" branch="false"/>
						<line number="153" hits="0" branch="false"/>
						<line number="155" hits="0" branch="false"/>
						<line number="157" hits="0" branch="false"/>
						<line number="159" hits="0" branch="false"/>
						<line number="160" hits="0" branch="false"/>
						<line number="161" hits="0" branch="false"/>
						<line number="162" hits="0" branch="false"/>
						<line number="163" hits="0" branch="false"/>
						<line number="164" hits="0" branch="false"/>
						<line number="165" hits="0" branch="false"/>
						<line number="166" hits="0" branch="false"/>
						<line number="167" hits="0" branch="false"/>
						<line number="168" hits="0" branch="false"/>
						<line number="169" hits="0" branch="false"/>
						<line number="170" hits="0" branch="false"/>
						<line number="171" hits="0" branch="false"/>
						<line number="172" hits="0" branch="false"/>
						<line number="173" hits="0" branch="false"/>
						<line number="174" hits="0" branch="false"/>
						<line number="175" hits="0" branch="false"/>
						<line number="176" hits="0" branch="false"/>
						<line number="178" hits="0" branch="false"/>
						<line number="179" hits="0" branch="false"/>
						<line number="180" hits="0" branch="false"/>
						<line number="181" hits="0" branch="false"/>
						<line number="182" hits="0" branch="false"/>
						<line number="183" hits="0" branch="false"/>
						<line number="185" hits="0" branch="false"/>
						<line number="186" hits="0" branch="false"/>
						<line number="188" hits="0" branch="false"/>
						<line number="189" hits="0" branch="false"/>
						<line number="190" hits="0" branch="false"/>
						<line number="191" hits="0" branch="false"/>
						<line number="192" hits="0" branch="false"/>
						<line number="193" hits="0" branch="false"/>
						<line number="194" hits="0" branch="false"/>
						<line number="195" hits="0" branch="false"/>
						<line number="196" hits="0" branch="false"/>
						<line number="197" hits="0" branch="false"/>
						<line number="198" hits="0" branch="false"/>
						<line number="199" hits="0" branch="false"/>
						<line number="200" hits="0" branch="false"/>
						<line number="201" hits="0" branch="false"/>
						<line number="202" hits="0" branch="false"/>
						<line number="203" hits="0" branch="false"/>
						<line number="204" hits="0" branch="false"/>
						<line number="205" hits="0" branch="false"/>
						<line number="206" hits="0" branch="false"/>
						<line number="207" hits="0" branch="false"/>
						<line number="208" hits="0" branch="false"/>
						<line number="209" hits="0" branch="false"/>
						<line number="210" hits="0" branch="false"/>
						<line number="213" hits="0" branch="false"/>
						<line number="214" hits="0" branch="false"/>
						<line number="215" hits="0" branch="false"/>
						<line number="216" hits="0" branch="false"/>
						<line number="217" hits="0" branch="false"/>
						<line number="218" hits="0" branch="false"/>
						<line number="219" hits="0" branch="false"/>
						<line number="221" hits="0" branch="false"/>
						<line number="222" hits="0" branch="false"/>
						<line number="224" hits="0" branch="false"/>
						<line number="225" hits="0" branch="false"/>
						<line number="226" hits="0" branch="false"/>
						<line number="227" hits="0" branch="false"/>
						<line number="228" hits="0" branch="false"/>
						<line number="229" hits="0" branch="false"/>
						<line number="230" hits="0" branch="false"/>
						<line number="231" hits="0" branch="false"/>
						<line number="232" hits="0" branch="false"/>
						<line number="233" hits="0" branch="false"/>
						<line number="234" hits="0" branch="false"/>
						<line number="235" hits="0" branch="false"/>
						<line number="236" hits="0" branch="false"/>
						<line number="237" hits="0" branch="false"/>
						<line number="238" hits="0" branch="false"/>
						<line number="239" hits="0" branch="false"/>
						<line number="240" hits="0" branch="false"/>
						<line number="243" hits="0" branch="false"/>
						<line number="244" hits="0" branch="false"/>
						<line number="245" hits="0" branch="false"/>
						<line number="247" hits="0" branch="false"/>
						<line number="251" hits="0" branch="false"/>
						<line number="252" hits="0" branch="false"/>
						<line number="253" hits="0" branch="false"/>
						<line number="254" hits="0" branch="false"/>
						<line number="255" hits="0" branch="false"/>
						<line number="256" hits="0" branch="false"/>
						<line number="258" hits="0" branch="false"/>
						<line number="261" hits="0" branch="false"/>
					</lines>
				</class>
			</classes>
		</package>
	</packages>
</coverage>
